[    1322ms] [ERROR] Permissions policy violation: encrypted-media is not allowed in this document. @ https://player-widget.mixcloud.com/assets/index-qdIOgoop.js:704
[    1322ms] [WARNING] Encrypted Media access has been blocked because of a Feature Policy applied to the current document. See https://crbug.com/414348233 for more details. @ https://player-widget.mixcloud.com/assets/index-qdIOgoop.js:704
[    1322ms] [ERROR] Permissions policy violation: encrypted-media is not allowed in this document. @ https://player-widget.mixcloud.com/assets/index-qdIOgoop.js:704
[    1322ms] [WARNING] Encrypted Media access has been blocked because of a Feature Policy applied to the current document. See https://crbug.com/414348233 for more details. @ https://player-widget.mixcloud.com/assets/index-qdIOgoop.js:704
[    1322ms] [ERROR] Permissions policy violation: encrypted-media is not allowed in this document. @ https://player-widget.mixcloud.com/assets/index-qdIOgoop.js:704
[    1322ms] [WARNING] Encrypted Media access has been blocked because of a Feature Policy applied to the current document. See https://crbug.com/414348233 for more details. @ https://player-widget.mixcloud.com/assets/index-qdIOgoop.js:704
[    1335ms] [ERROR] Permissions policy violation: encrypted-media is not allowed in this document. @ https://player-widget.mixcloud.com/assets/index-qdIOgoop.js:704
[    1335ms] [WARNING] Encrypted Media access has been blocked because of a Feature Policy applied to the current document. See https://crbug.com/414348233 for more details. @ https://player-widget.mixcloud.com/assets/index-qdIOgoop.js:704
[    1335ms] [ERROR] Permissions policy violation: encrypted-media is not allowed in this document. @ https://player-widget.mixcloud.com/assets/index-qdIOgoop.js:704
[    1335ms] [WARNING] Encrypted Media access has been blocked because of a Feature Policy applied to the current document. See https://crbug.com/414348233 for more details. @ https://player-widget.mixcloud.com/assets/index-qdIOgoop.js:704
[    1335ms] [ERROR] Permissions policy violation: encrypted-media is not allowed in this document. @ https://player-widget.mixcloud.com/assets/index-qdIOgoop.js:704
[    1335ms] [WARNING] Encrypted Media access has been blocked because of a Feature Policy applied to the current document. See https://crbug.com/414348233 for more details. @ https://player-widget.mixcloud.com/assets/index-qdIOgoop.js:704
[    3540ms] [ERROR] Failed to load resource: the server responded with a status of 403 (Forbidden) @ https://api-widget.soundcloud.com/users/321869759/tracks?limit=20&offset=0&linked_partitioning=1&format=json&client_id=nIjtjiYnjkOhMyh5xrbqEW12DxeJVnic&app_version=1773658227:0
[  140534ms] [WARNING] The AudioContext was not allowed to start. It must be resumed (or created) after a user gesture on the page. https://developer.chrome.com/blog/autoplay/#web_audio @ http://127.0.0.1:4173/autodj-video.js:322
[  140534ms] [WARNING] NotAllowedError: play() failed because the user didn't interact with the document first. https://goo.gl/xX8pDD @ http://127.0.0.1:4173/autodj-video.js:326
[  141059ms] [ERROR] Permissions policy violation: encrypted-media is not allowed in this document. @ https://player-widget.mixcloud.com/assets/index-qdIOgoop.js:704
[  141059ms] [WARNING] Encrypted Media access has been blocked because of a Feature Policy applied to the current document. See https://crbug.com/414348233 for more details. @ https://player-widget.mixcloud.com/assets/index-qdIOgoop.js:704
[  141059ms] [ERROR] Permissions policy violation: encrypted-media is not allowed in this document. @ https://player-widget.mixcloud.com/assets/index-qdIOgoop.js:704
[  141060ms] [WARNING] Encrypted Media access has been blocked because of a Feature Policy applied to the current document. See https://crbug.com/414348233 for more details. @ https://player-widget.mixcloud.com/assets/index-qdIOgoop.js:704
[  141060ms] [ERROR] Permissions policy violation: encrypted-media is not allowed in this document. @ https://player-widget.mixcloud.com/assets/index-qdIOgoop.js:704
[  141060ms] [WARNING] Encrypted Media access has been blocked because of a Feature Policy applied to the current document. See https://crbug.com/414348233 for more details. @ https://player-widget.mixcloud.com/assets/index-qdIOgoop.js:704
[  141104ms] [ERROR] Permissions policy violation: encrypted-media is not allowed in this document. @ https://player-widget.mixcloud.com/assets/index-qdIOgoop.js:704
[  141104ms] [WARNING] Encrypted Media access has been blocked because of a Feature Policy applied to the current document. See https://crbug.com/414348233 for more details. @ https://player-widget.mixcloud.com/assets/index-qdIOgoop.js:704
[  141104ms] [ERROR] Permissions policy violation: encrypted-media is not allowed in this document. @ https://player-widget.mixcloud.com/assets/index-qdIOgoop.js:704
[  141104ms] [WARNING] Encrypted Media access has been blocked because of a Feature Policy applied to the current document. See https://crbug.com/414348233 for more details. @ https://player-widget.mixcloud.com/assets/index-qdIOgoop.js:704
[  141104ms] [ERROR] Permissions policy violation: encrypted-media is not allowed in this document. @ https://player-widget.mixcloud.com/assets/index-qdIOgoop.js:704
[  141104ms] [WARNING] Encrypted Media access has been blocked because of a Feature Policy applied to the current document. See https://crbug.com/414348233 for more details. @ https://player-widget.mixcloud.com/assets/index-qdIOgoop.js:704
[  142625ms] [ERROR] Failed to load resource: the server responded with a status of 403 (Forbidden) @ https://api-widget.soundcloud.com/users/321869759/tracks?limit=20&offset=0&linked_partitioning=1&format=json&client_id=nIjtjiYnjkOhMyh5xrbqEW12DxeJVnic&app_version=1773658227:0
